  main.cpp
E:\programming\group\C++\console\Иван Отинов\lb5_v5\lb5_v5\main.cpp(102,8): error C2259: "MONEY": невозможно создать экземпляр абстрактного класса
E:\programming\group\C++\console\Иван Отинов\lb5_v5\lb5_v5\main.cpp(24): message : см. объявление "MONEY"
E:\programming\group\C++\console\Иван Отинов\lb5_v5\lb5_v5\main.cpp(102,8): message : из-за следующих членов:
E:\programming\group\C++\console\Иван Отинов\lb5_v5\lb5_v5\main.cpp(102,8): message : void PAIR::setFirst(int): абстрактный
E:\programming\group\C++\console\Иван Отинов\lb5_v5\lb5_v5\main.cpp(20): message : см. объявление "PAIR::setFirst"
E:\programming\group\C++\console\Иван Отинов\lb5_v5\lb5_v5\main.cpp(102,8): message : void PAIR::setSecond(int): абстрактный
E:\programming\group\C++\console\Иван Отинов\lb5_v5\lb5_v5\main.cpp(21): message : см. объявление "PAIR::setSecond"
E:\programming\group\C++\console\Иван Отинов\lb5_v5\lb5_v5\main.cpp(102,14): error C2259: "MONEY": невозможно создать экземпляр абстрактного класса
E:\programming\group\C++\console\Иван Отинов\lb5_v5\lb5_v5\main.cpp(24): message : см. объявление "MONEY"
E:\programming\group\C++\console\Иван Отинов\lb5_v5\lb5_v5\main.cpp(102,14): message : из-за следующих членов:
E:\programming\group\C++\console\Иван Отинов\lb5_v5\lb5_v5\main.cpp(102,14): message : void PAIR::setFirst(int): абстрактный
E:\programming\group\C++\console\Иван Отинов\lb5_v5\lb5_v5\main.cpp(20): message : см. объявление "PAIR::setFirst"
E:\programming\group\C++\console\Иван Отинов\lb5_v5\lb5_v5\main.cpp(102,14): message : void PAIR::setSecond(int): абстрактный
E:\programming\group\C++\console\Иван Отинов\lb5_v5\lb5_v5\main.cpp(21): message : см. объявление "PAIR::setSecond"
E:\programming\group\C++\console\Иван Отинов\lb5_v5\lb5_v5\main.cpp(103,8): error C2259: "MONEY": невозможно создать экземпляр абстрактного класса
E:\programming\group\C++\console\Иван Отинов\lb5_v5\lb5_v5\main.cpp(24): message : см. объявление "MONEY"
E:\programming\group\C++\console\Иван Отинов\lb5_v5\lb5_v5\main.cpp(103,8): message : из-за следующих членов:
E:\programming\group\C++\console\Иван Отинов\lb5_v5\lb5_v5\main.cpp(103,8): message : void PAIR::setFirst(int): абстрактный
E:\programming\group\C++\console\Иван Отинов\lb5_v5\lb5_v5\main.cpp(20): message : см. объявление "PAIR::setFirst"
E:\programming\group\C++\console\Иван Отинов\lb5_v5\lb5_v5\main.cpp(103,8): message : void PAIR::setSecond(int): абстрактный
E:\programming\group\C++\console\Иван Отинов\lb5_v5\lb5_v5\main.cpp(21): message : см. объявление "PAIR::setSecond"
E:\programming\group\C++\console\Иван Отинов\lb5_v5\lb5_v5\main.cpp(104,8): error C2259: "MONEY": невозможно создать экземпляр абстрактного класса
E:\programming\group\C++\console\Иван Отинов\lb5_v5\lb5_v5\main.cpp(24): message : см. объявление "MONEY"
E:\programming\group\C++\console\Иван Отинов\lb5_v5\lb5_v5\main.cpp(104,8): message : из-за следующих членов:
E:\programming\group\C++\console\Иван Отинов\lb5_v5\lb5_v5\main.cpp(104,8): message : void PAIR::setFirst(int): абстрактный
E:\programming\group\C++\console\Иван Отинов\lb5_v5\lb5_v5\main.cpp(20): message : см. объявление "PAIR::setFirst"
E:\programming\group\C++\console\Иван Отинов\lb5_v5\lb5_v5\main.cpp(104,8): message : void PAIR::setSecond(int): абстрактный
E:\programming\group\C++\console\Иван Отинов\lb5_v5\lb5_v5\main.cpp(21): message : см. объявление "PAIR::setSecond"
E:\programming\group\C++\console\Иван Отинов\lb5_v5\lb5_v5\main.cpp(114,2): error C2065: base: необъявленный идентификатор
E:\programming\group\C++\console\Иван Отинов\lb5_v5\lb5_v5\main.cpp(115,2): error C2065: base: необъявленный идентификатор
E:\programming\group\C++\console\Иван Отинов\lb5_v5\lb5_v5\main.cpp(122,18): error C2676: бинарный "+": "MONEY" не определяет этот оператор или преобразование к типу приемлемо к встроенному оператору
E:\programming\group\C++\console\Иван Отинов\lb5_v5\lb5_v5\main.cpp(127,18): error C2676: бинарный "-": "MONEY" не определяет этот оператор или преобразование к типу приемлемо к встроенному оператору
E:\programming\group\C++\console\Иван Отинов\lb5_v5\lb5_v5\main.cpp(133,18): error C2676: бинарный "/": "MONEY" не определяет этот оператор или преобразование к типу приемлемо к встроенному оператору
